18 -1
18 74 -1 -1
18 74 -1 19 -1 -1
18 74 -1 31 -1 -1
18 57 -1 -1
18 57 -1 14 -1 -1
18 57 -1 14 -1 44 -1 -1
18 57 -1 5 -1 -1
18 57 -1 44 -1 -1
18 19 -1 -1
18 48 -1 -1
18 5 -1 -1
18 13 -1 -1
18 13 59 -1 -1 -1
18 13 -1 74 -1 -1
18 13 -1 74 -1 31 -1 -1
18 13 -1 31 -1 -1
18 99 -1 -1
18 99 -1 74 -1 -1
18 99 -1 74 -1 19 -1 -1
18 99 -1 44 -1 -1
18 99 -1 19 -1 -1
18 99 -1 5 -1 -1
18 99 -1 57 -1 -1
18 99 -1 57 -1 14 -1 -1
18 99 -1 57 -1 14 -1 44 -1 -1
18 99 -1 57 -1 5 -1 -1
18 99 -1 57 -1 44 -1 -1
18 99 -1 14 -1 -1
18 99 -1 14 -1 44 -1 -1
18 99 -1 2 -1 -1
18 99 -1 2 -1 57 -1 -1
18 99 -1 2 -1 57 -1 14 -1 -1
18 99 -1 2 -1 57 -1 14 -1 44 -1 -1
18 99 -1 2 -1 57 -1 5 -1 -1
18 99 -1 2 -1 57 -1 44 -1 -1
18 99 -1 2 19 -1 -1 -1
18 99 -1 2 -1 5 -1 -1
18 99 -1 2 74 -1 -1 -1
18 99 -1 2 74 -1 -1 19 -1 -1
18 99 -1 2 -1 44 -1 -1
18 99 -1 2 -1 14 -1 -1
18 99 -1 2 -1 14 -1 44 -1 -1
18 99 -1 10 -1 -1
18 99 -1 10 -1 74 -1 -1
18 99 -1 10 -1 74 -1 19 -1 -1
18 99 -1 10 -1 57 -1 -1
18 99 -1 10 -1 57 -1 14 -1 -1
18 99 -1 10 -1 57 -1 14 -1 44 -1 -1
18 99 -1 10 -1 57 -1 5 -1 -1
18 99 -1 10 -1 57 -1 44 -1 -1
18 99 -1 10 -1 19 -1 -1
18 99 -1 10 -1 5 -1 -1
18 99 -1 10 -1 44 -1 -1
18 99 -1 10 -1 14 -1 -1
18 99 -1 10 -1 14 -1 44 -1 -1
18 99 -1 10 -1 2 -1 -1
18 99 -1 10 -1 2 -1 57 -1 -1
18 99 -1 10 -1 2 -1 57 -1 14 -1 -1
18 99 -1 10 -1 2 -1 57 -1 14 -1 44 -1 -1
18 99 -1 10 -1 2 -1 57 -1 5 -1 -1
18 99 -1 10 -1 2 -1 57 -1 44 -1 -1
18 99 -1 10 -1 2 19 -1 -1 -1
18 99 -1 10 -1 2 -1 5 -1 -1
18 99 -1 10 -1 2 74 -1 -1 -1
18 99 -1 10 -1 2 74 -1 -1 19 -1 -1
18 99 -1 10 -1 2 -1 44 -1 -1
18 99 -1 10 -1 2 -1 14 -1 -1
18 99 -1 10 -1 2 -1 14 -1 44 -1 -1
18 44 -1 -1
18 69 -1 -1
18 31 -1 -1
18 14 -1 -1
18 14 -1 44 -1 -1
18 2 -1 -1
18 2 -1 57 -1 -1
18 2 -1 57 -1 14 -1 -1
18 2 -1 57 -1 14 -1 44 -1 -1
18 2 -1 57 -1 5 -1 -1
18 2 -1 57 -1 44 -1 -1
18 2 19 -1 -1 -1
18 2 -1 5 -1 -1
18 2 74 -1 -1 -1
18 2 74 -1 -1 19 -1 -1
18 2 -1 44 -1 -1
18 2 -1 14 -1 -1
18 2 -1 14 -1 44 -1 -1
18 59 -1 -1
18 59 -1 74 -1 -1
18 59 -1 74 -1 19 -1 -1
18 59 -1 44 -1 -1
18 59 -1 19 -1 -1
18 59 -1 48 -1 -1
18 59 -1 5 -1 -1
18 59 -1 99 -1 -1
18 59 -1 99 -1 74 -1 -1
18 59 -1 99 -1 74 -1 19 -1 -1
18 59 -1 99 -1 44 -1 -1
18 59 -1 99 -1 19 -1 -1
18 59 -1 99 -1 5 -1 -1
18 59 -1 99 -1 57 -1 -1
18 59 -1 99 -1 57 -1 14 -1 -1
18 59 -1 99 -1 57 -1 14 -1 44 -1 -1
18 59 -1 99 -1 57 -1 5 -1 -1
18 59 -1 99 -1 57 -1 44 -1 -1
18 59 -1 99 -1 14 -1 -1
18 59 -1 99 -1 14 -1 44 -1 -1
18 59 -1 99 -1 2 -1 -1
18 59 -1 99 -1 2 -1 57 -1 -1
18 59 -1 99 -1 2 -1 57 -1 14 -1 -1
18 59 -1 99 -1 2 -1 57 -1 14 -1 44 -1 -1
18 59 -1 99 -1 2 -1 57 -1 5 -1 -1
18 59 -1 99 -1 2 -1 57 -1 44 -1 -1
18 59 -1 99 -1 2 19 -1 -1 -1
18 59 -1 99 -1 2 -1 5 -1 -1
18 59 -1 99 -1 2 74 -1 -1 -1
18 59 -1 99 -1 2 74 -1 -1 19 -1 -1
18 59 -1 99 -1 2 -1 44 -1 -1
18 59 -1 99 -1 2 -1 14 -1 -1
18 59 -1 99 -1 2 -1 14 -1 44 -1 -1
18 59 -1 99 -1 10 -1 -1
18 59 -1 99 -1 10 -1 74 -1 -1
18 59 -1 99 -1 10 -1 74 -1 19 -1 -1
18 59 -1 99 -1 10 -1 57 -1 -1
18 59 -1 99 -1 10 -1 57 -1 14 -1 -1
18 59 -1 99 -1 10 -1 57 -1 14 -1 44 -1 -1
18 59 -1 99 -1 10 -1 57 -1 5 -1 -1
18 59 -1 99 -1 10 -1 57 -1 44 -1 -1
18 59 -1 99 -1 10 -1 19 -1 -1
18 59 -1 99 -1 10 -1 5 -1 -1
18 59 -1 99 -1 10 -1 44 -1 -1
18 59 -1 99 -1 10 -1 14 -1 -1
18 59 -1 99 -1 10 -1 14 -1 44 -1 -1
18 59 -1 99 -1 10 -1 2 -1 -1
18 59 -1 99 -1 10 -1 2 -1 57 -1 -1
18 59 -1 99 -1 10 -1 2 -1 57 -1 14 -1 -1
18 59 -1 99 -1 10 -1 2 -1 57 -1 14 -1 44 -1 -1
18 59 -1 99 -1 10 -1 2 -1 57 -1 5 -1 -1
18 59 -1 99 -1 10 -1 2 -1 57 -1 44 -1 -1
18 59 -1 99 -1 10 -1 2 19 -1 -1 -1
18 59 -1 99 -1 10 -1 2 -1 5 -1 -1
18 59 -1 99 -1 10 -1 2 74 -1 -1 -1
18 59 -1 99 -1 10 -1 2 74 -1 -1 19 -1 -1
18 59 -1 99 -1 10 -1 2 -1 44 -1 -1
18 59 -1 99 -1 10 -1 2 -1 14 -1 -1
18 59 -1 99 -1 10 -1 2 -1 14 -1 44 -1 -1
18 59 -1 57 -1 -1
18 59 -1 57 -1 14 -1 -1
18 59 -1 57 -1 14 -1 44 -1 -1
18 59 -1 57 -1 5 -1 -1
18 59 -1 57 -1 44 -1 -1
18 59 -1 14 -1 -1
18 59 -1 14 -1 44 -1 -1
18 59 -1 2 -1 -1
18 59 -1 2 -1 57 -1 -1
18 59 -1 2 -1 57 -1 14 -1 -1
18 59 -1 2 -1 57 -1 14 -1 44 -1 -1
18 59 -1 2 -1 57 -1 5 -1 -1
18 59 -1 2 -1 57 -1 44 -1 -1
18 59 -1 2 19 -1 -1 -1
18 59 -1 2 -1 5 -1 -1
18 59 -1 2 74 -1 -1 -1
18 59 -1 2 74 -1 -1 19 -1 -1
18 59 -1 2 -1 44 -1 -1
18 59 -1 2 -1 14 -1 -1
18 59 -1 2 -1 14 -1 44 -1 -1
18 59 -1 10 -1 -1
18 59 -1 10 -1 74 -1 -1
18 59 -1 10 -1 74 -1 19 -1 -1
18 59 -1 10 -1 57 -1 -1
18 59 -1 10 -1 57 -1 14 -1 -1
18 59 -1 10 -1 57 -1 14 -1 44 -1 -1
18 59 -1 10 -1 57 -1 5 -1 -1
18 59 -1 10 -1 57 -1 44 -1 -1
18 59 -1 10 -1 19 -1 -1
18 59 -1 10 -1 5 -1 -1
18 59 -1 10 -1 44 -1 -1
18 59 -1 10 -1 14 -1 -1
18 59 -1 10 -1 14 -1 44 -1 -1
18 59 -1 10 -1 2 -1 -1
18 59 -1 10 -1 2 -1 57 -1 -1
18 59 -1 10 -1 2 -1 57 -1 14 -1 -1
18 59 -1 10 -1 2 -1 57 -1 14 -1 44 -1 -1
18 59 -1 10 -1 2 -1 57 -1 5 -1 -1
18 59 -1 10 -1 2 -1 57 -1 44 -1 -1
18 59 -1 10 -1 2 19 -1 -1 -1
18 59 -1 10 -1 2 -1 5 -1 -1
18 59 -1 10 -1 2 74 -1 -1 -1
18 59 -1 10 -1 2 74 -1 -1 19 -1 -1
18 59 -1 10 -1 2 -1 44 -1 -1
18 59 -1 10 -1 2 -1 14 -1 -1
18 59 -1 10 -1 2 -1 14 -1 44 -1 -1
18 10 -1 -1
18 10 -1 74 -1 -1
18 10 -1 74 -1 19 -1 -1
18 10 -1 57 -1 -1
18 10 -1 57 -1 14 -1 -1
18 10 -1 57 -1 14 -1 44 -1 -1
18 10 -1 57 -1 5 -1 -1
18 10 -1 57 -1 44 -1 -1
18 10 -1 19 -1 -1
18 10 -1 5 -1 -1
18 10 -1 44 -1 -1
18 10 -1 14 -1 -1
18 10 -1 14 -1 44 -1 -1
18 10 -1 2 -1 -1
18 10 -1 2 -1 57 -1 -1
18 10 -1 2 -1 57 -1 14 -1 -1
18 10 -1 2 -1 57 -1 14 -1 44 -1 -1
18 10 -1 2 -1 57 -1 5 -1 -1
18 10 -1 2 -1 57 -1 44 -1 -1
18 10 -1 2 19 -1 -1 -1
18 10 -1 2 -1 5 -1 -1
18 10 -1 2 74 -1 -1 -1
18 10 -1 2 74 -1 -1 19 -1 -1
18 10 -1 2 -1 44 -1 -1
18 10 -1 2 -1 14 -1 -1
18 10 -1 2 -1 14 -1 44 -1 -1
56 -1
45 -1
72 -1
72 2 -1 -1
72 2 -1 92 -1 -1
72 2 -1 61 -1 -1
72 92 -1 -1
72 8 -1 -1
72 8 -1 2 -1 -1
72 61 -1 -1
28 -1
93 -1
54 -1
87 -1
87 59 -1 -1
87 18 -1 -1
87 18 -1 59 -1 -1
48 -1
26 -1
77 -1
6 -1
14 -1
14 44 -1 -1
31 -1
57 -1
57 73 -1 -1
57 73 -1 25 -1 -1
57 25 -1 -1
57 80 -1 -1
57 80 -1 73 -1 -1
57 80 -1 73 -1 25 -1 -1
57 80 -1 25 -1 -1
92 -1
30 -1
84 -1
27 -1
27 28 -1 -1
46 -1
64 -1
42 -1
69 -1
1 -1
50 -1
95 -1
2 -1
2 14 -1 -1
2 14 -1 44 -1 -1
2 5 -1 -1
2 44 -1 -1
2 57 -1 -1
2 57 -1 14 -1 -1
2 57 -1 14 -1 44 -1 -1
2 57 -1 5 -1 -1
2 57 -1 44 -1 -1
10 -1
10 74 -1 -1
10 74 -1 19 -1 -1
10 74 -1 54 -1 -1
10 54 -1 -1
10 19 -1 -1
10 5 -1 -1
10 69 -1 -1
10 57 -1 -1
10 57 -1 14 -1 -1
10 57 -1 14 -1 44 -1 -1
10 57 -1 5 -1 -1
10 57 -1 44 -1 -1
10 14 -1 -1
10 14 -1 44 -1 -1
10 2 -1 -1
10 2 19 -1 -1 -1
10 2 54 -1 -1 -1
10 2 -1 5 -1 -1
10 2 74 -1 -1 -1
10 2 74 -1 -1 19 -1 -1
10 2 74 -1 -1 54 -1 -1
10 2 -1 57 -1 -1
10 2 -1 57 -1 14 -1 -1
10 2 -1 57 -1 14 -1 44 -1 -1
10 2 -1 57 -1 5 -1 -1
10 2 -1 57 -1 44 -1 -1
10 2 -1 14 -1 -1
10 2 -1 14 -1 44 -1 -1
10 2 -1 44 -1 -1
10 44 -1 -1
16 -1
37 -1
80 -1
80 72 -1 -1
80 73 -1 -1
80 73 -1 25 -1 -1
80 25 -1 -1
94 -1
5 -1
13 -1
13 19 -1 -1
13 46 -1 -1
13 46 -1 74 -1 -1
13 46 -1 74 -1 31 -1 -1
13 46 -1 31 -1 -1
13 74 -1 -1
13 74 19 -1 -1 -1
13 74 -1 31 -1 -1
13 31 -1 -1
8 -1
74 -1
74 19 -1 -1
74 19 -1 54 -1 -1
74 54 -1 -1
74 31 -1 -1
44 -1
66 -1
36 -1
81 -1
4 -1
39 -1
61 -1
19 -1
22 -1
73 -1
73 25 -1 -1
33 -1
90 -1
99 -1
99 74 -1 -1
99 74 -1 19 -1 -1
99 44 -1 -1
99 80 -1 -1
99 19 -1 -1
99 73 -1 -1
99 5 -1 -1
99 25 -1 -1
99 69 -1 -1
99 57 -1 -1
99 57 10 -1 -1 -1
99 57 10 -1 -1 2 -1 -1
99 57 -1 80 -1 -1
99 57 -1 5 -1 -1
99 57 2 -1 -1 -1
99 57 -1 44 -1 -1
99 57 -1 14 -1 -1
99 57 -1 14 -1 44 -1 -1
99 14 -1 -1
99 14 -1 44 -1 -1
99 2 -1 -1
99 2 -1 57 -1 -1
99 2 -1 57 -1 14 -1 -1
99 2 -1 57 -1 14 -1 44 -1 -1
99 2 -1 57 -1 5 -1 -1
99 2 -1 57 -1 44 -1 -1
99 2 19 -1 -1 -1
99 2 -1 5 -1 -1
99 2 74 -1 -1 -1
99 2 74 -1 -1 19 -1 -1
99 2 -1 44 -1 -1
99 2 -1 14 -1 -1
99 2 -1 14 -1 44 -1 -1
99 10 -1 -1
99 10 -1 74 -1 -1
99 10 -1 74 -1 19 -1 -1
99 10 -1 44 -1 -1
99 10 -1 19 -1 -1
99 10 -1 5 -1 -1
99 10 -1 57 -1 -1
99 10 -1 57 -1 14 -1 -1
99 10 -1 57 -1 14 -1 44 -1 -1
99 10 -1 57 -1 5 -1 -1
99 10 -1 57 -1 44 -1 -1
99 10 69 -1 -1 -1
99 10 -1 14 -1 -1
99 10 -1 14 -1 44 -1 -1
99 10 -1 2 -1 -1
99 10 -1 2 -1 57 -1 -1
99 10 -1 2 -1 57 -1 14 -1 -1
99 10 -1 2 -1 57 -1 14 -1 44 -1 -1
99 10 -1 2 -1 57 -1 5 -1 -1
99 10 -1 2 -1 57 -1 44 -1 -1
99 10 -1 2 19 -1 -1 -1
99 10 -1 2 -1 5 -1 -1
99 10 -1 2 74 -1 -1 -1
99 10 -1 2 74 -1 -1 19 -1 -1
99 10 -1 2 -1 44 -1 -1
99 10 -1 2 -1 14 -1 -1
99 10 -1 2 -1 14 -1 44 -1 -1
25 -1
59 -1
15 -1
Time used:  0:00:22.134659
