62 -1
62 97 -1 -1
18 -1
93 -1
93 18 -1 -1
52 -1
54 -1
26 -1
26 89 -1 -1
26 95 -1 -1
26 95 -1 89 -1 -1
6 -1
6 29 -1 -1
6 97 -1 -1
6 62 -1 -1
6 62 -1 97 -1 -1
6 62 29 -1 -1 -1
6 70 -1 -1
6 70 -1 29 -1 -1
6 70 -1 97 -1 -1
6 70 -1 62 -1 -1
6 70 -1 62 -1 97 -1 -1
6 70 -1 62 29 -1 -1 -1
58 -1
31 -1
31 29 -1 -1
31 6 -1 -1
31 6 -1 29 -1 -1
31 6 57 -1 -1 -1
31 6 57 -1 -1 64 -1 -1
31 6 -1 70 -1 -1
31 6 -1 70 -1 29 -1 -1
31 6 64 -1 -1 -1
31 64 -1 -1
31 64 -1 66 -1 -1
31 57 -1 -1
31 57 -1 66 -1 -1
31 57 -1 64 -1 -1
31 57 -1 64 -1 66 -1 -1
31 70 -1 -1
31 70 -1 29 -1 -1
31 66 -1 -1
89 -1
89 8 -1 -1
89 8 54 -1 -1 -1
89 8 -1 3 -1 -1
89 3 -1 -1
89 3 -1 54 -1 -1
89 54 -1 -1
57 -1
57 66 -1 -1
57 64 -1 -1
57 64 -1 66 -1 -1
29 -1
29 95 -1 -1
29 95 -1 89 -1 -1
29 89 -1 -1
29 64 -1 -1
29 26 -1 -1
29 26 -1 89 -1 -1
29 26 -1 95 -1 -1
29 26 -1 95 -1 89 -1 -1
3 -1
11 -1
11 89 -1 -1
11 89 -1 54 -1 -1
11 89 -1 3 -1 -1
11 89 -1 3 -1 54 -1 -1
11 89 -1 8 -1 -1
11 89 -1 8 -1 3 -1 -1
11 8 -1 -1
11 8 -1 3 -1 -1
11 3 -1 -1
11 3 -1 54 -1 -1
11 54 -1 -1
84 -1
64 -1
70 -1
70 29 -1 -1
70 97 -1 -1
70 62 -1 -1
70 62 -1 97 -1 -1
70 62 29 -1 -1 -1
95 -1
35 -1
65 -1
37 -1
41 -1
13 -1
8 -1
74 -1
66 -1
66 53 -1 -1
66 15 -1 -1
66 90 -1 -1
66 90 53 -1 -1 -1
66 90 -1 15 -1 -1
97 -1
12 -1
19 -1
45 -1
90 -1
90 15 -1 -1
1 -1
1 29 -1 -1
1 31 -1 -1
1 31 -1 29 -1 -1
1 19 -1 31 -1 -1
1 31 -1 6 -1 -1
1 31 -1 6 -1 29 -1 -1
1 31 -1 6 57 -1 -1 -1
1 31 -1 6 -1 70 -1 -1
1 31 -1 6 -1 70 -1 29 -1 -1
1 31 -1 64 -1 -1
1 31 -1 64 -1 66 -1 -1
1 31 -1 57 -1 -1
1 31 -1 57 -1 66 -1 -1
1 31 -1 57 -1 64 -1 -1
1 31 -1 57 -1 64 -1 66 -1 -1
1 31 -1 70 -1 -1
1 31 -1 70 -1 29 -1 -1
1 31 -1 66 -1 -1
1 31 35 -1 -1 -1
1 19 -1 -1
1 6 -1 -1
1 6 -1 29 -1 -1
1 6 57 -1 -1 -1
1 6 -1 70 -1 -1
1 6 -1 70 -1 29 -1 -1
1 64 -1 -1
1 64 -1 66 -1 -1
1 35 -1 -1
1 35 -1 19 -1 -1
1 57 -1 -1
1 57 -1 66 -1 -1
1 57 -1 64 -1 -1
1 57 -1 64 -1 66 -1 -1
1 70 -1 -1
1 70 -1 29 -1 -1
1 66 -1 -1
53 -1
59 -1
15 -1
15 29 -1 -1
15 29 -1 95 -1 -1
15 29 -1 95 -1 89 -1 -1
15 29 -1 89 -1 -1
15 29 -1 64 -1 -1
15 29 -1 26 -1 -1
15 29 -1 26 -1 89 -1 -1
15 29 -1 26 -1 95 -1 -1
15 29 -1 26 -1 95 -1 89 -1 -1
15 64 -1 -1
15 26 -1 -1
15 26 -1 89 -1 -1
15 26 -1 95 -1 -1
15 26 -1 95 -1 89 -1 -1
15 53 -1 -1
15 95 -1 -1
15 95 -1 89 -1 -1
15 90 -1 -1
15 90 53 -1 -1 -1
15 90 -1 15 -1 -1
15 66 -1 -1
15 66 29 -1 -1 -1
15 66 29 -1 -1 95 -1 -1
15 66 29 -1 -1 64 -1 -1
15 66 29 -1 -1 26 -1 -1
15 66 29 -1 -1 26 -1 95 -1 -1
15 66 64 -1 -1 -1
15 66 95 -1 -1 -1
15 66 -1 53 -1 -1
15 66 -1 90 -1 -1
15 66 -1 90 53 -1 -1 -1
15 66 -1 90 -1 15 -1 -1
15 66 26 -1 -1 -1
15 66 26 -1 -1 95 -1 -1
15 66 -1 15 -1 -1
15 89 -1 -1
15 15 -1 -1
Time used:  0:00:15.307020
