88 -1
88 5 -1 -1
18 -1
19 -1
19 37 -1 -1
19 37 -1 26 -1 -1
19 65 -1 -1
19 65 2 -1 -1 -1
19 65 -1 45 -1 -1
19 65 -1 45 -1 26 -1 -1
19 65 -1 26 -1 -1
19 38 -1 -1
19 38 -1 65 -1 -1
19 38 -1 41 -1 -1
19 38 -1 41 -1 65 -1 -1
19 26 -1 -1
19 41 -1 -1
19 41 -1 65 -1 -1
19 41 -1 65 2 -1 -1 -1
19 41 -1 65 -1 45 -1 -1
19 41 -1 65 -1 45 -1 26 -1 -1
19 41 -1 65 -1 26 -1 -1
19 41 -1 26 -1 -1
19 41 -1 1 -1 -1
19 41 -1 45 -1 -1
19 41 -1 45 2 -1 -1 -1
19 41 -1 45 2 -1 -1 1 -1 -1
19 41 -1 45 1 -1 -1 -1
19 41 -1 45 -1 26 -1 -1
19 41 -1 2 -1 -1
19 41 -1 2 -1 1 -1 -1
19 41 -1 62 -1 -1
19 41 -1 62 -1 65 -1 -1
19 1 -1 -1
19 45 -1 -1
19 45 2 -1 -1 -1
19 45 2 -1 -1 1 -1 -1
19 45 1 -1 -1 -1
19 45 -1 26 -1 -1
19 3 -1 -1
19 3 -1 37 -1 -1
19 3 -1 37 -1 26 -1 -1
19 3 -1 26 -1 -1
19 2 -1 -1
19 2 -1 1 -1 -1
19 62 -1 -1
19 62 -1 65 -1 -1
19 78 -1 -1
23 -1
23 64 -1 -1
14 -1
14 85 -1 -1
14 13 -1 -1
14 41 -1 -1
72 -1
28 -1
28 99 -1 -1
93 -1
93 11 -1 -1
93 11 -1 71 -1 -1
93 11 -1 10 -1 -1
93 84 -1 -1
93 18 -1 -1
93 18 -1 11 -1 -1
93 18 -1 11 -1 71 -1 -1
93 18 -1 11 -1 10 -1 -1
93 18 -1 40 -1 -1
93 18 -1 40 -1 11 -1 -1
93 18 -1 40 -1 11 -1 71 -1 -1
93 18 -1 40 -1 11 -1 10 -1 -1
93 18 -1 40 -1 71 -1 -1
93 18 -1 40 -1 10 -1 -1
93 18 -1 71 -1 -1
93 18 -1 10 -1 -1
93 13 -1 -1
93 13 18 -1 -1 -1
93 13 -1 84 -1 -1
93 13 -1 41 -1 -1
93 13 -1 41 -1 84 -1 -1
93 41 -1 -1
93 41 -1 84 -1 -1
93 40 -1 -1
93 40 -1 11 -1 -1
93 40 -1 11 -1 71 -1 -1
93 40 -1 11 -1 10 -1 -1
93 40 -1 71 -1 -1
93 40 -1 10 -1 -1
93 71 -1 -1
93 10 -1 -1
0 -1
0 69 -1 -1
52 -1
52 63 -1 -1
32 -1
87 -1
87 53 -1 -1
87 37 -1 -1
87 37 -1 53 -1 -1
87 37 -1 49 -1 -1
87 49 -1 -1
48 -1
26 -1
26 79 -1 -1
26 41 -1 -1
26 41 -1 8 -1 -1
26 99 -1 -1
26 99 -1 8 -1 -1
26 99 -1 41 -1 -1
26 99 -1 41 -1 8 -1 -1
26 95 -1 -1
26 95 -1 89 -1 -1
26 8 -1 -1
26 7 -1 -1
26 7 -1 99 -1 -1
26 7 -1 99 -1 8 -1 -1
26 7 -1 99 -1 41 -1 -1
26 7 -1 99 -1 41 -1 8 -1 -1
26 7 95 -1 -1 -1
26 7 -1 8 -1 -1
26 7 -1 41 -1 -1
26 7 -1 41 -1 8 -1 -1
26 89 -1 -1
26 59 -1 -1
99 -1
99 41 -1 -1
99 41 61 -1 -1 -1
99 41 -1 8 -1 -1
99 61 -1 -1
99 8 -1 -1
99 8 -1 61 -1 -1
6 -1
6 29 -1 -1
6 97 -1 -1
6 62 -1 -1
6 62 -1 97 -1 -1
6 62 29 -1 -1 -1
6 70 -1 -1
6 70 -1 29 -1 -1
6 70 -1 97 -1 -1
6 70 -1 62 -1 -1
6 70 -1 62 -1 97 -1 -1
6 70 -1 62 29 -1 -1 -1
58 -1
58 53 -1 -1
58 53 -1 12 -1 -1
58 12 -1 -1
58 12 -1 64 -1 -1
58 64 -1 -1
57 -1
57 66 -1 -1
57 64 -1 -1
57 64 -1 66 -1 -1
63 -1
63 45 -1 -1
63 61 -1 -1
63 61 -1 45 -1 -1
31 -1
31 29 -1 -1
31 97 -1 -1
31 6 -1 -1
31 6 -1 29 -1 -1
31 6 -1 97 -1 -1
31 6 66 -1 -1 -1
31 6 64 -1 -1 -1
31 6 64 -1 -1 66 -1 -1
31 6 -1 70 -1 -1
31 6 -1 70 -1 29 -1 -1
31 6 -1 70 -1 97 -1 -1
31 6 -1 70 -1 62 -1 -1
31 6 -1 70 -1 62 -1 97 -1 -1
31 6 -1 70 -1 62 29 -1 -1 -1
31 6 -1 62 -1 -1
31 6 -1 62 -1 97 -1 -1
31 6 -1 62 29 -1 -1 -1
31 6 57 -1 -1 -1
31 6 57 -1 -1 66 -1 -1
31 6 57 -1 -1 64 -1 -1
31 6 57 -1 -1 64 -1 66 -1 -1
31 64 -1 -1
31 64 -1 66 -1 -1
31 57 -1 -1
31 57 -1 66 -1 -1
31 57 -1 64 -1 -1
31 57 -1 64 -1 66 -1 -1
31 70 -1 -1
31 70 -1 29 -1 -1
31 70 -1 97 -1 -1
31 70 -1 62 -1 -1
31 70 -1 62 -1 97 -1 -1
31 70 -1 62 29 -1 -1 -1
31 66 -1 -1
31 62 -1 -1
31 62 -1 97 -1 -1
31 62 29 -1 -1 -1
73 -1
73 37 -1 -1
71 -1
43 -1
43 59 -1 -1
43 54 -1 -1
43 26 -1 -1
43 26 -1 59 -1 -1
43 26 -1 26 -1 -1
43 26 -1 26 -1 59 -1 -1
92 -1
3 -1
3 37 -1 -1
3 37 -1 26 -1 -1
3 0 -1 -1
3 0 37 -1 -1 -1
3 0 -1 69 -1 -1
3 26 -1 -1
3 69 -1 -1
56 -1
11 -1
11 29 -1 -1
11 29 -1 95 -1 -1
11 29 -1 95 -1 89 -1 -1
11 29 -1 89 -1 -1
11 29 -1 64 -1 -1
11 29 -1 26 -1 -1
11 29 -1 26 64 -1 -1 -1
11 29 -1 26 -1 89 -1 -1
11 29 -1 26 -1 95 -1 -1
11 29 -1 26 -1 95 -1 89 -1 -1
11 54 -1 -1
11 66 -1 -1
11 66 29 -1 -1 -1
11 66 29 -1 -1 95 -1 -1
11 66 29 -1 -1 95 -1 89 -1 -1
11 66 29 -1 -1 89 -1 -1
11 66 29 -1 -1 64 -1 -1
11 66 29 -1 -1 26 -1 -1
11 66 29 -1 -1 26 64 -1 -1 -1
11 66 29 -1 -1 26 -1 89 -1 -1
11 66 29 -1 -1 26 -1 95 -1 -1
11 66 29 -1 -1 26 -1 95 -1 89 -1 -1
11 66 -1 18 -1 -1
11 66 -1 93 -1 -1
11 66 -1 93 90 -1 -1 -1
11 66 -1 93 90 -1 -1 15 -1 -1
11 66 -1 93 15 -1 -1 -1
11 66 -1 93 -1 18 -1 -1
11 66 64 -1 -1 -1
11 66 -1 53 -1 -1
11 66 95 -1 -1 -1
11 66 95 -1 -1 89 -1 -1
11 66 89 -1 -1 -1
11 66 -1 90 -1 -1
11 66 -1 90 53 -1 -1 -1
11 66 -1 90 -1 15 -1 -1
11 66 26 -1 -1 -1
11 66 26 -1 64 -1 -1 -1
11 66 26 -1 -1 89 -1 -1
11 66 26 -1 -1 95 -1 -1
11 66 26 -1 -1 95 -1 89 -1 -1
11 66 -1 15 -1 -1
11 18 -1 -1
11 18 -1 71 -1 -1
11 93 -1 -1
11 93 90 -1 -1 -1
11 93 90 -1 -1 15 -1 -1
11 93 15 -1 -1 -1
11 93 -1 18 -1 -1
11 64 -1 -1
11 26 -1 -1
11 26 64 -1 -1 -1
11 26 -1 89 -1 -1
11 26 -1 95 -1 -1
11 26 -1 95 -1 89 -1 -1
11 53 -1 -1
11 95 -1 -1
11 95 -1 89 -1 -1
11 8 -1 -1
11 8 54 -1 -1 -1
11 8 -1 3 -1 -1
11 71 -1 -1
11 71 -1 10 -1 -1
11 89 -1 -1
11 89 -1 54 -1 -1
11 89 -1 3 -1 -1
11 89 -1 3 -1 54 -1 -1
11 89 -1 8 -1 -1
11 89 -1 8 54 -1 -1 -1
11 89 -1 8 -1 3 -1 -1
11 15 -1 -1
11 15 -1 29 -1 -1
11 15 -1 29 -1 95 -1 -1
11 15 -1 29 -1 95 -1 89 -1 -1
11 15 -1 29 -1 89 -1 -1
11 15 -1 29 -1 64 -1 -1
11 15 -1 29 -1 26 -1 -1
11 15 -1 29 -1 26 64 -1 -1 -1
11 15 -1 29 -1 26 -1 89 -1 -1
11 15 -1 29 -1 26 -1 95 -1 -1
11 15 -1 29 -1 26 -1 95 -1 89 -1 -1
11 15 -1 18 -1 -1
11 15 -1 93 -1 -1
11 15 -1 93 90 -1 -1 -1
11 15 -1 93 90 -1 -1 15 -1 -1
11 15 -1 93 15 -1 -1 -1
11 15 -1 93 -1 18 -1 -1
11 15 3 -1 -1 -1
11 15 3 -1 -1 54 -1 -1
11 15 54 -1 -1 -1
11 15 -1 64 -1 -1
11 15 89 -1 -1 -1
11 15 89 -1 -1 54 -1 -1
11 15 89 -1 -1 3 -1 -1
11 15 89 -1 -1 3 -1 54 -1 -1
11 15 89 -1 -1 8 -1 -1
11 15 89 -1 -1 8 54 -1 -1 -1
11 15 89 -1 -1 8 -1 3 -1 -1
11 15 -1 26 -1 -1
11 15 -1 26 64 -1 -1 -1
11 15 -1 26 -1 89 -1 -1
11 15 -1 26 -1 95 -1 -1
11 15 -1 26 -1 95 -1 89 -1 -1
11 15 -1 53 -1 -1
11 15 -1 95 -1 -1
11 15 -1 95 -1 89 -1 -1
11 15 -1 90 -1 -1
11 15 -1 90 53 -1 -1 -1
11 15 -1 90 -1 15 -1 -1
11 15 8 -1 -1 -1
11 15 8 -1 54 -1 -1 -1
11 15 8 -1 -1 3 -1 -1
11 15 -1 66 -1 -1
11 15 -1 66 29 -1 -1 -1
11 15 -1 66 29 -1 -1 95 -1 -1
11 15 -1 66 29 -1 -1 95 -1 89 -1 -1
11 15 -1 66 29 -1 -1 89 -1 -1
11 15 -1 66 29 -1 -1 64 -1 -1
11 15 -1 66 29 -1 -1 26 -1 -1
11 15 -1 66 29 -1 -1 26 64 -1 -1 -1
11 15 -1 66 29 -1 -1 26 -1 89 -1 -1
11 15 -1 66 29 -1 -1 26 -1 95 -1 -1
11 15 -1 66 29 -1 -1 26 -1 95 -1 89 -1 -1
11 15 -1 66 -1 18 -1 -1
11 15 -1 66 -1 93 -1 -1
11 15 -1 66 -1 93 90 -1 -1 -1
11 15 -1 66 -1 93 90 -1 -1 15 -1 -1
11 15 -1 66 -1 93 15 -1 -1 -1
11 15 -1 66 -1 93 -1 18 -1 -1
11 15 -1 66 64 -1 -1 -1
11 15 -1 66 -1 53 -1 -1
11 15 -1 66 95 -1 -1 -1
11 15 -1 66 95 -1 -1 89 -1 -1
11 15 -1 66 89 -1 -1 -1
11 15 -1 66 -1 90 -1 -1
11 15 -1 66 -1 90 53 -1 -1 -1
11 15 -1 66 -1 90 -1 15 -1 -1
11 15 -1 66 26 -1 -1 -1
11 15 -1 66 26 -1 64 -1 -1 -1
11 15 -1 66 26 -1 -1 89 -1 -1
11 15 -1 66 26 -1 -1 95 -1 -1
11 15 -1 66 26 -1 -1 95 -1 89 -1 -1
11 15 -1 66 -1 15 -1 -1
11 15 -1 89 -1 -1
11 15 -1 89 -1 54 -1 -1
11 15 -1 89 -1 3 -1 -1
11 15 -1 89 -1 3 -1 54 -1 -1
11 15 -1 89 -1 8 -1 -1
11 15 -1 89 -1 8 54 -1 -1 -1
11 15 -1 89 -1 8 -1 3 -1 -1
11 15 -1 15 -1 -1
11 10 -1 -1
11 3 -1 -1
11 3 -1 54 -1 -1
11 90 -1 -1
11 90 53 -1 -1 -1
11 90 -1 15 -1 -1
84 -1
27 -1
29 -1
29 64 -1 -1
29 26 -1 -1
29 26 64 -1 -1 -1
29 26 -1 99 -1 -1
29 26 -1 99 -1 8 -1 -1
29 26 -1 95 -1 -1
29 26 -1 95 -1 89 -1 -1
29 26 -1 8 -1 -1
29 26 -1 7 -1 -1
29 26 -1 7 -1 99 -1 -1
29 26 -1 7 -1 99 -1 8 -1 -1
29 26 -1 7 95 -1 -1 -1
29 26 -1 7 -1 8 -1 -1
29 26 -1 89 -1 -1
29 99 -1 -1
29 99 -1 8 -1 -1
29 95 -1 -1
29 95 -1 89 -1 -1
29 8 -1 -1
29 7 -1 -1
29 7 -1 99 -1 -1
29 7 -1 99 -1 8 -1 -1
29 7 95 -1 -1 -1
29 7 -1 8 -1 -1
29 89 -1 -1
76 -1
46 -1
46 49 -1 -1
46 49 -1 58 -1 -1
46 49 -1 58 -1 12 -1 -1
46 49 -1 12 -1 -1
46 49 72 -1 -1 -1
46 72 -1 -1
46 72 -1 5 -1 -1
46 72 -1 88 -1 -1
46 72 -1 88 -1 5 -1 -1
46 12 -1 -1
46 5 -1 -1
46 58 -1 -1
46 58 -1 12 -1 -1
46 88 -1 -1
46 88 -1 5 -1 -1
69 -1
51 -1
64 -1
42 -1
42 50 -1 -1
42 50 -1 65 -1 -1
42 50 -1 65 -1 62 -1 -1
42 50 -1 62 -1 -1
42 65 -1 -1
42 65 -1 62 -1 -1
42 41 -1 -1
42 95 -1 -1
42 95 -1 74 -1 -1
42 14 -1 -1
42 14 -1 41 -1 -1
42 74 -1 -1
42 62 -1 -1
83 -1
1 -1
1 29 -1 -1
1 97 -1 -1
1 57 -1 -1
1 57 -1 66 -1 -1
1 57 -1 64 -1 -1
1 57 -1 64 -1 66 -1 -1
1 19 -1 -1
1 6 -1 -1
1 6 -1 29 -1 -1
1 6 -1 97 -1 -1
1 6 66 -1 -1 -1
1 6 64 -1 -1 -1
1 6 64 -1 -1 66 -1 -1
1 6 -1 70 -1 -1
1 6 -1 70 -1 29 -1 -1
1 6 -1 70 -1 97 -1 -1
1 6 -1 70 -1 62 -1 -1
1 6 -1 70 -1 62 -1 97 -1 -1
1 6 -1 70 -1 62 29 -1 -1 -1
1 6 -1 62 -1 -1
1 6 -1 62 -1 97 -1 -1
1 6 -1 62 29 -1 -1 -1
1 6 57 -1 -1 -1
1 6 57 -1 -1 66 -1 -1
1 6 57 -1 -1 64 -1 -1
1 6 57 -1 -1 64 -1 66 -1 -1
1 64 -1 -1
1 64 -1 66 -1 -1
1 35 -1 -1
1 35 -1 19 -1 -1
1 31 -1 -1
1 31 -1 29 -1 -1
1 31 -1 97 -1 -1
1 31 -1 6 -1 -1
1 31 -1 6 -1 29 -1 -1
1 31 -1 6 -1 97 -1 -1
1 31 -1 6 66 -1 -1 -1
1 31 -1 6 64 -1 -1 -1
1 31 -1 6 64 -1 -1 66 -1 -1
1 31 -1 6 -1 70 -1 -1
1 31 -1 6 -1 70 -1 29 -1 -1
1 31 -1 6 -1 70 -1 97 -1 -1
1 31 -1 6 -1 70 -1 62 -1 -1
1 31 -1 6 -1 70 -1 62 -1 97 -1 -1
1 31 -1 6 -1 70 -1 62 29 -1 -1 -1
1 31 -1 6 -1 62 -1 -1
1 31 -1 6 -1 62 -1 97 -1 -1
1 31 -1 6 -1 62 29 -1 -1 -1
1 31 -1 6 57 -1 -1 -1
1 31 -1 6 57 -1 -1 66 -1 -1
1 31 -1 6 57 -1 -1 64 -1 -1
1 31 -1 6 57 -1 -1 64 -1 66 -1 -1
1 31 -1 64 -1 -1
1 31 -1 64 -1 66 -1 -1
1 19 -1 31 -1 -1
1 31 -1 57 -1 -1
1 31 -1 57 -1 66 -1 -1
1 31 -1 57 -1 64 -1 -1
1 31 -1 57 -1 64 -1 66 -1 -1
1 31 -1 70 -1 -1
1 31 -1 70 -1 29 -1 -1
1 31 -1 70 -1 97 -1 -1
1 31 -1 70 -1 62 -1 -1
1 31 -1 70 -1 62 -1 97 -1 -1
1 31 -1 70 -1 62 29 -1 -1 -1
1 31 -1 66 -1 -1
1 31 35 -1 -1 -1
1 31 -1 62 -1 -1
1 31 -1 62 -1 97 -1 -1
1 31 -1 62 29 -1 -1 -1
1 70 -1 -1
1 70 -1 29 -1 -1
1 70 -1 97 -1 -1
1 70 -1 62 -1 -1
1 70 -1 62 -1 97 -1 -1
1 70 -1 62 29 -1 -1 -1
1 66 -1 -1
1 62 -1 -1
1 62 -1 97 -1 -1
1 62 29 -1 -1 -1
70 -1
70 29 -1 -1
70 97 -1 -1
70 62 -1 -1
70 62 -1 97 -1 -1
70 62 29 -1 -1 -1
40 -1
40 11 -1 -1
40 11 -1 71 -1 -1
40 11 -1 71 -1 10 -1 -1
40 11 -1 18 -1 -1
40 11 -1 18 -1 71 -1 -1
40 11 -1 10 -1 -1
40 43 -1 -1
40 43 -1 59 -1 -1
40 43 -1 26 -1 -1
40 43 -1 26 -1 59 -1 -1
40 28 -1 -1
40 18 -1 -1
40 18 -1 71 -1 -1
40 26 -1 -1
40 26 -1 59 -1 -1
40 14 -1 -1
40 71 -1 -1
40 71 -1 10 -1 -1
40 59 -1 -1
40 10 -1 -1
95 -1
95 74 -1 -1
2 -1
2 1 -1 -1
2 12 -1 -1
10 -1
85 -1
53 -1
53 46 -1 -1
53 22 -1 -1
53 37 -1 -1
53 37 -1 46 -1 -1
16 -1
65 -1
65 62 -1 -1
37 -1
37 53 -1 -1
37 53 -1 49 -1 -1
37 66 -1 -1
37 49 -1 -1
37 49 -1 66 -1 -1
80 -1
41 -1
41 65 -1 -1
41 65 2 -1 -1 -1
41 65 2 -1 -1 1 -1 -1
41 65 -1 45 -1 -1
41 65 -1 45 -1 26 -1 -1
41 65 1 -1 -1 -1
41 65 -1 26 -1 -1
41 38 -1 -1
41 26 -1 -1
41 1 -1 -1
41 45 -1 -1
41 45 2 -1 -1 -1
41 45 2 -1 -1 1 -1 -1
41 45 1 -1 -1 -1
41 45 -1 26 -1 -1
41 2 -1 -1
41 2 -1 1 -1 -1
41 62 -1 -1
41 62 -1 65 -1 -1
78 -1
78 91 -1 -1
78 28 -1 -1
78 31 -1 -1
78 31 -1 91 -1 -1
5 -1
13 -1
13 84 -1 -1
13 97 -1 -1
13 41 -1 -1
13 41 -1 84 -1 -1
8 -1
60 -1
74 -1
74 53 -1 -1
74 79 -1 -1
74 26 -1 -1
74 26 -1 79 -1 -1
91 -1
66 -1
66 11 -1 -1
66 11 -1 71 -1 -1
66 84 -1 -1
66 18 -1 -1
66 18 -1 11 -1 -1
66 18 -1 11 -1 71 -1 -1
66 18 -1 40 -1 -1
66 18 -1 40 -1 11 -1 -1
66 18 -1 40 -1 11 -1 71 -1 -1
66 18 -1 40 -1 71 -1 -1
66 18 -1 71 -1 -1
66 93 -1 -1
66 93 -1 11 -1 -1
66 93 -1 11 -1 71 -1 -1
66 93 -1 84 -1 -1
66 93 -1 18 -1 -1
66 93 -1 18 -1 11 -1 -1
66 93 -1 18 -1 11 -1 71 -1 -1
66 93 -1 18 -1 40 -1 -1
66 93 -1 18 -1 40 -1 11 -1 -1
66 93 -1 18 -1 40 -1 11 -1 71 -1 -1
66 93 -1 18 -1 40 -1 71 -1 -1
66 93 -1 18 -1 71 -1 -1
66 93 -1 13 -1 -1
66 93 -1 13 18 -1 -1 -1
66 93 -1 13 -1 84 -1 -1
66 93 -1 13 -1 41 -1 -1
66 93 -1 13 -1 41 -1 84 -1 -1
66 93 -1 41 -1 -1
66 93 -1 41 -1 84 -1 -1
66 93 90 -1 -1 -1
66 93 90 -1 -1 15 -1 -1
66 93 -1 40 -1 -1
66 93 -1 40 -1 11 -1 -1
66 93 -1 40 -1 11 -1 71 -1 -1
66 93 -1 40 -1 71 -1 -1
66 53 -1 93 -1 -1
66 93 15 -1 -1 -1
66 93 -1 71 -1 -1
66 40 -1 -1
66 40 -1 11 -1 -1
66 40 -1 11 -1 71 -1 -1
66 40 -1 71 -1 -1
66 13 -1 -1
66 13 18 -1 -1 -1
66 13 -1 84 -1 -1
66 13 -1 41 -1 -1
66 13 -1 41 -1 84 -1 -1
66 41 -1 -1
66 41 -1 84 -1 -1
66 53 -1 -1
66 90 -1 -1
66 90 53 -1 -1 -1
66 90 -1 15 -1 -1
66 58 -1 -1
66 71 -1 -1
66 15 -1 -1
66 62 -1 -1
36 -1
36 63 -1 -1
36 52 -1 -1
97 -1
45 -1
45 30 -1 -1
45 26 -1 -1
54 -1
50 -1
50 65 -1 -1
50 65 -1 62 -1 -1
50 66 -1 -1
50 66 65 -1 -1 -1
50 66 65 -1 -1 62 -1 -1
50 66 62 -1 -1 -1
50 62 -1 -1
79 -1
4 -1
39 -1
12 -1
89 -1
89 8 -1 -1
89 8 54 -1 -1 -1
89 8 -1 3 -1 -1
89 3 -1 -1
89 3 -1 54 -1 -1
89 54 -1 -1
61 -1
61 45 -1 -1
55 -1
55 53 -1 -1
55 74 -1 -1
55 74 -1 53 -1 -1
22 -1
22 39 -1 -1
30 -1
62 -1
62 97 -1 -1
62 51 -1 -1
38 -1
90 -1
90 15 -1 -1
49 -1
49 58 -1 -1
49 58 -1 12 -1 -1
49 58 -1 12 -1 64 -1 -1
49 58 -1 64 -1 -1
49 12 -1 -1
49 12 -1 64 -1 -1
49 64 -1 -1
49 69 -1 -1
49 69 -1 58 -1 -1
49 69 -1 58 -1 12 -1 -1
49 69 -1 12 -1 -1
67 -1
35 -1
86 -1
86 70 -1 -1
59 -1
59 91 -1 -1
59 78 -1 -1
59 78 -1 91 -1 -1
59 52 -1 -1
59 16 -1 -1
96 -1
7 -1
7 99 -1 -1
7 99 -1 61 -1 -1
7 99 -1 8 -1 -1
7 99 -1 8 -1 61 -1 -1
7 99 -1 41 -1 -1
7 99 -1 41 -1 8 -1 -1
7 61 -1 -1
7 66 -1 -1
7 66 -1 99 -1 -1
7 66 -1 99 -1 8 -1 -1
7 66 -1 8 -1 -1
7 8 -1 -1
7 8 -1 61 -1 -1
7 41 -1 -1
7 41 -1 8 -1 -1
15 -1
15 11 -1 -1
15 11 -1 71 -1 -1
15 29 -1 -1
15 29 -1 64 -1 -1
15 29 -1 26 -1 -1
15 29 -1 26 64 -1 -1 -1
15 29 -1 26 -1 99 -1 -1
15 29 -1 26 -1 99 -1 8 -1 -1
15 29 -1 26 -1 95 -1 -1
15 29 -1 26 -1 95 -1 89 -1 -1
15 29 -1 26 -1 8 -1 -1
15 29 -1 26 -1 7 -1 -1
15 29 -1 26 -1 7 -1 99 -1 -1
15 29 -1 26 -1 7 -1 99 -1 8 -1 -1
15 29 -1 26 -1 7 95 -1 -1 -1
15 29 -1 26 -1 7 -1 8 -1 -1
15 29 -1 26 -1 89 -1 -1
15 29 -1 99 -1 -1
15 29 -1 99 -1 8 -1 -1
15 29 -1 95 -1 -1
15 29 -1 95 -1 89 -1 -1
15 29 -1 8 -1 -1
15 29 -1 7 -1 -1
15 29 -1 7 -1 99 -1 -1
15 29 -1 7 -1 99 -1 8 -1 -1
15 29 -1 7 95 -1 -1 -1
15 29 -1 7 -1 8 -1 -1
15 29 -1 89 -1 -1
15 84 -1 -1
15 66 -1 -1
15 66 -1 11 -1 -1
15 66 -1 11 -1 71 -1 -1
15 66 -1 84 -1 -1
15 66 29 -1 -1 -1
15 66 29 -1 -1 95 -1 -1
15 66 29 -1 -1 95 -1 89 -1 -1
15 66 29 -1 -1 89 -1 -1
15 66 29 -1 -1 64 -1 -1
15 66 29 -1 -1 26 -1 -1
15 66 29 -1 -1 26 64 -1 -1 -1
15 66 29 -1 -1 26 -1 89 -1 -1
15 66 29 -1 -1 26 -1 95 -1 -1
15 66 29 -1 -1 26 -1 95 -1 89 -1 -1
15 66 -1 18 -1 -1
15 66 -1 18 -1 11 -1 -1
15 66 -1 18 -1 11 -1 71 -1 -1
15 66 -1 18 -1 40 -1 -1
15 66 -1 18 -1 40 -1 11 -1 -1
15 66 -1 18 -1 40 -1 11 -1 71 -1 -1
15 66 -1 18 -1 40 -1 71 -1 -1
15 66 -1 18 -1 71 -1 -1
15 66 -1 93 -1 -1
15 66 -1 93 -1 11 -1 -1
15 66 -1 93 -1 11 -1 71 -1 -1
15 66 -1 93 -1 84 -1 -1
15 66 -1 93 -1 18 -1 -1
15 66 -1 93 -1 18 -1 11 -1 -1
15 66 -1 93 -1 18 -1 11 -1 71 -1 -1
15 66 -1 93 -1 18 -1 40 -1 -1
15 66 -1 93 -1 18 -1 40 -1 11 -1 -1
15 66 -1 93 -1 18 -1 40 -1 11 -1 71 -1 -1
15 66 -1 93 -1 18 -1 40 -1 71 -1 -1
15 66 -1 93 -1 18 -1 71 -1 -1
15 66 -1 93 -1 13 -1 -1
15 66 -1 93 -1 13 18 -1 -1 -1
15 66 -1 93 -1 13 -1 84 -1 -1
15 66 -1 93 -1 13 -1 41 -1 -1
15 66 -1 93 -1 13 -1 41 -1 84 -1 -1
15 66 -1 93 -1 41 -1 -1
15 66 -1 93 -1 41 -1 84 -1 -1
15 66 -1 53 -1 93 -1 -1
15 66 -1 93 -1 40 -1 -1
15 66 -1 93 -1 40 -1 11 -1 -1
15 66 -1 93 -1 40 -1 11 -1 71 -1 -1
15 66 -1 93 -1 40 -1 71 -1 -1
15 66 -1 93 90 -1 -1 -1
15 66 -1 93 90 -1 -1 15 -1 -1
15 66 -1 93 15 -1 -1 -1
15 66 -1 93 -1 71 -1 -1
15 66 64 -1 -1 -1
15 66 -1 40 -1 -1
15 66 -1 40 -1 11 -1 -1
15 66 -1 40 -1 11 -1 71 -1 -1
15 66 -1 40 -1 71 -1 -1
15 66 -1 13 -1 -1
15 66 -1 13 18 -1 -1 -1
15 66 -1 13 -1 84 -1 -1
15 66 -1 13 -1 41 -1 -1
15 66 -1 13 -1 41 -1 84 -1 -1
15 66 -1 41 -1 -1
15 66 -1 41 -1 84 -1 -1
15 66 95 -1 -1 -1
15 66 95 -1 -1 89 -1 -1
15 66 89 -1 -1 -1
15 66 -1 90 -1 -1
15 66 -1 90 53 -1 -1 -1
15 66 -1 90 -1 15 -1 -1
15 66 26 -1 -1 -1
15 66 26 -1 64 -1 -1 -1
15 66 26 -1 -1 89 -1 -1
15 66 26 -1 -1 95 -1 -1
15 66 26 -1 -1 95 -1 89 -1 -1
15 66 -1 71 -1 -1
15 66 -1 15 -1 -1
15 66 -1 53 -1 -1
15 18 -1 -1
15 18 -1 11 -1 -1
15 18 -1 11 -1 71 -1 -1
15 18 -1 40 -1 -1
15 18 -1 40 -1 11 -1 -1
15 18 -1 40 -1 11 -1 71 -1 -1
15 18 -1 40 -1 71 -1 -1
15 18 -1 71 -1 -1
15 93 -1 -1
15 93 -1 11 -1 -1
15 93 -1 11 -1 71 -1 -1
15 93 -1 84 -1 -1
15 93 -1 18 -1 -1
15 93 -1 18 -1 11 -1 -1
15 93 -1 18 -1 11 -1 71 -1 -1
15 93 -1 18 -1 40 -1 -1
15 93 -1 18 -1 40 -1 11 -1 -1
15 93 -1 18 -1 40 -1 11 -1 71 -1 -1
15 93 -1 18 -1 40 -1 71 -1 -1
15 93 -1 18 -1 71 -1 -1
15 93 -1 13 -1 -1
15 93 -1 13 18 -1 -1 -1
15 93 -1 13 -1 84 -1 -1
15 93 -1 13 -1 41 -1 -1
15 93 -1 13 -1 41 -1 84 -1 -1
15 93 -1 41 -1 -1
15 93 -1 41 -1 84 -1 -1
15 53 -1 93 -1 -1
15 93 -1 40 -1 -1
15 93 -1 40 -1 11 -1 -1
15 93 -1 40 -1 11 -1 71 -1 -1
15 93 -1 40 -1 71 -1 -1
15 93 90 -1 -1 -1
15 93 90 -1 -1 15 -1 -1
15 93 15 -1 -1 -1
15 93 -1 71 -1 -1
15 64 -1 -1
15 40 -1 -1
15 40 -1 11 -1 -1
15 40 -1 11 -1 71 -1 -1
15 40 -1 71 -1 -1
15 26 -1 -1
15 26 64 -1 -1 -1
15 26 -1 99 -1 -1
15 26 -1 99 -1 8 -1 -1
15 26 -1 95 -1 -1
15 26 -1 95 -1 89 -1 -1
15 26 -1 8 -1 -1
15 26 -1 7 -1 -1
15 26 -1 7 -1 99 -1 -1
15 26 -1 7 -1 99 -1 8 -1 -1
15 26 -1 7 95 -1 -1 -1
15 26 -1 7 -1 8 -1 -1
15 26 -1 89 -1 -1
15 41 -1 -1
15 41 -1 84 -1 -1
15 99 -1 -1
15 99 -1 8 -1 -1
15 53 -1 -1
15 95 -1 -1
15 95 -1 89 -1 -1
15 13 -1 -1
15 13 18 -1 -1 -1
15 13 -1 84 -1 -1
15 13 -1 41 -1 -1
15 13 -1 41 -1 84 -1 -1
15 90 -1 -1
15 90 53 -1 -1 -1
15 90 -1 15 -1 -1
15 7 -1 -1
15 7 -1 99 -1 -1
15 7 -1 99 -1 8 -1 -1
15 7 95 -1 -1 -1
15 7 -1 8 -1 -1
15 89 -1 -1
15 15 -1 -1
15 71 -1 -1
15 8 -1 -1
Time used:  0:00:25.720743
